2022-11-01 19:04:48.850 INFO  (main) [   ] o.e.j.u.log Logging initialized @1294ms to org.eclipse.jetty.util.log.Slf4jLog
2022-11-01 19:04:48.930 WARN  (main) [   ] o.e.j.x.XmlConfiguration Ignored arg: <Arg name="threadpool">
    <New id="threadpool" class="com.codahale.metrics.jetty9.InstrumentedQueuedThreadPool"><Arg name="registry">
        <Call id="solrJettyMetricRegistry" name="getOrCreate" class="com.codahale.metrics.SharedMetricRegistries"><Arg>solr.jetty</Arg></Call>
      </Arg></New>
  </Arg>
2022-11-01 19:04:49.057 INFO  (main) [   ] o.e.j.s.Server jetty-9.4.27.v20200227; built: 2020-02-27T18:37:21.340Z; git: a304fd9f351f337e7c0e2a7c28878dd536149c6c; jvm 18+36-2087
2022-11-01 19:04:49.081 INFO  (main) [   ] o.e.j.d.p.ScanningAppProvider Deployment monitor [file:///home/sunny/Documents/CCHE/CCHSEARCH_DEV/CCHSearch/backend/solr-8.6.2/server/contexts/] at interval 0
2022-11-01 19:04:49.415 INFO  (main) [   ] o.e.j.w.StandardDescriptorProcessor NO JSP Support for /solr, did not find org.apache.jasper.servlet.JspServlet
2022-11-01 19:04:49.434 INFO  (main) [   ] o.e.j.s.session DefaultSessionIdManager workerName=node0
2022-11-01 19:04:49.435 INFO  (main) [   ] o.e.j.s.session No SessionScavenger set, using defaults
2022-11-01 19:04:49.440 INFO  (main) [   ] o.e.j.s.session node0 Scavenging every 660000ms
2022-11-01 19:04:49.516 INFO  (main) [   ] o.a.s.s.SolrDispatchFilter Using logger factory org.apache.logging.slf4j.Log4jLoggerFactory
2022-11-01 19:04:49.521 INFO  (main) [   ] o.a.s.s.SolrDispatchFilter  ___      _       Welcome to Apache Solr™ version 8.6.2
2022-11-01 19:04:49.522 INFO  (main) [   ] o.a.s.s.SolrDispatchFilter / __| ___| |_ _   Starting in standalone mode on port 8983
2022-11-01 19:04:49.522 INFO  (main) [   ] o.a.s.s.SolrDispatchFilter \__ \/ _ \ | '_|  Install dir: /home/sunny/Documents/CCHE/CCHSEARCH_DEV/CCHSearch/backend/solr-8.6.2
2022-11-01 19:04:49.522 INFO  (main) [   ] o.a.s.s.SolrDispatchFilter |___/\___/_|_|    Start time: 2022-11-01T19:04:49.522360585Z
2022-11-01 19:04:49.532 INFO  (main) [   ] o.a.s.c.SolrPaths Using system property solr.solr.home: /home/sunny/Documents/CCHE/CCHSEARCH_DEV/CCHSearch/backend/solr-8.6.2/server/solr
2022-11-01 19:04:49.537 INFO  (main) [   ] o.a.s.c.SolrXmlConfig Loading container configuration from /home/sunny/Documents/CCHE/CCHSEARCH_DEV/CCHSearch/backend/solr-8.6.2/server/solr/solr.xml
2022-11-01 19:04:49.646 INFO  (main) [   ] o.a.s.c.SolrXmlConfig MBean server found: com.sun.jmx.mbeanserver.JmxMBeanServer@7ef82753, but no JMX reporters were configured - adding default JMX reporter.
2022-11-01 19:04:50.326 INFO  (main) [   ] o.a.s.h.c.HttpShardHandlerFactory Host whitelist initialized: WhitelistHostChecker [whitelistHosts=null, whitelistHostCheckingEnabled=true]
2022-11-01 19:04:50.529 WARN  (main) [   ] o.e.j.u.s.S.config Trusting all certificates configured for Client@15f8701f[provider=null,keyStore=null,trustStore=null]
2022-11-01 19:04:50.529 WARN  (main) [   ] o.e.j.u.s.S.config No Client EndPointIdentificationAlgorithm configured for Client@15f8701f[provider=null,keyStore=null,trustStore=null]
2022-11-01 19:04:50.687 WARN  (main) [   ] o.e.j.u.s.S.config Trusting all certificates configured for Client@6438a7fe[provider=null,keyStore=null,trustStore=null]
2022-11-01 19:04:50.687 WARN  (main) [   ] o.e.j.u.s.S.config No Client EndPointIdentificationAlgorithm configured for Client@6438a7fe[provider=null,keyStore=null,trustStore=null]
2022-11-01 19:04:50.750 INFO  (main) [   ] o.a.s.c.CoreContainer Initializing authorization plugin: solr.RuleBasedAuthorizationPlugin
2022-11-01 19:04:50.759 INFO  (main) [   ] o.a.s.c.CoreContainer Initializing authentication plugin: solr.BasicAuthPlugin
2022-11-01 19:04:50.765 WARN  (main) [   ] o.a.s.c.CoreContainer Solr authentication is enabled, but SSL is off.  Consider enabling SSL to protect user credentials and data with encryption.
2022-11-01 19:04:50.908 INFO  (main) [   ] o.a.s.c.TransientSolrCoreCacheDefault Allocating transient cache for 2147483647 transient cores
2022-11-01 19:04:50.911 INFO  (main) [   ] o.a.s.h.a.MetricsHistoryHandler No .system collection, keeping metrics history in memory.
2022-11-01 19:04:50.993 INFO  (main) [   ] o.a.s.m.r.SolrJmxReporter JMX monitoring for 'solr.node' (registry 'solr.node') enabled at server: com.sun.jmx.mbeanserver.JmxMBeanServer@7ef82753
2022-11-01 19:04:50.994 INFO  (main) [   ] o.a.s.m.r.SolrJmxReporter JMX monitoring for 'solr.jvm' (registry 'solr.jvm') enabled at server: com.sun.jmx.mbeanserver.JmxMBeanServer@7ef82753
2022-11-01 19:04:51.001 INFO  (main) [   ] o.a.s.m.r.SolrJmxReporter JMX monitoring for 'solr.jetty' (registry 'solr.jetty') enabled at server: com.sun.jmx.mbeanserver.JmxMBeanServer@7ef82753
2022-11-01 19:04:51.053 INFO  (main) [   ] o.a.s.c.CorePropertiesLocator Found 2 core definitions underneath /home/sunny/Documents/CCHE/CCHSEARCH_DEV/CCHSearch/backend/solr-8.6.2/server/solr
2022-11-01 19:04:51.054 INFO  (main) [   ] o.a.s.c.CorePropertiesLocator Cores are: [04_KNOW_HOW_A, 01_MANDATS_VAL_A]
2022-11-01 19:04:51.124 INFO  (coreLoadExecutor-13-thread-1) [   x:04_KNOW_HOW_A] o.a.s.c.SolrResourceLoader Added 63 libs to classloader, from paths: [/home/sunny/Documents/CCHE/CCHSEARCH_DEV/CCHSearch/backend/solr-8.6.2/contrib/clustering/lib, /home/sunny/Documents/CCHE/CCHSEARCH_DEV/CCHSearch/backend/solr-8.6.2/contrib/extraction/lib, /home/sunny/Documents/CCHE/CCHSEARCH_DEV/CCHSearch/backend/solr-8.6.2/contrib/langid/lib, /home/sunny/Documents/CCHE/CCHSEARCH_DEV/CCHSearch/backend/solr-8.6.2/contrib/velocity/lib, /home/sunny/Documents/CCHE/CCHSEARCH_DEV/CCHSearch/backend/solr-8.6.2/dist]
2022-11-01 19:04:51.124 INFO  (coreLoadExecutor-13-thread-2) [   x:01_MANDATS_VAL_A] o.a.s.c.SolrResourceLoader Added 63 libs to classloader, from paths: [/home/sunny/Documents/CCHE/CCHSEARCH_DEV/CCHSearch/backend/solr-8.6.2/contrib/clustering/lib, /home/sunny/Documents/CCHE/CCHSEARCH_DEV/CCHSearch/backend/solr-8.6.2/contrib/extraction/lib, /home/sunny/Documents/CCHE/CCHSEARCH_DEV/CCHSearch/backend/solr-8.6.2/contrib/langid/lib, /home/sunny/Documents/CCHE/CCHSEARCH_DEV/CCHSearch/backend/solr-8.6.2/contrib/velocity/lib, /home/sunny/Documents/CCHE/CCHSEARCH_DEV/CCHSearch/backend/solr-8.6.2/dist]
2022-11-01 19:04:51.142 INFO  (main) [   ] o.e.j.s.h.ContextHandler Started o.e.j.w.WebAppContext@47605f2f{/solr,file:///home/sunny/Documents/CCHE/CCHSEARCH_DEV/CCHSearch/backend/solr-8.6.2/server/solr-webapp/webapp/,AVAILABLE}{/home/sunny/Documents/CCHE/CCHSEARCH_DEV/CCHSearch/backend/solr-8.6.2/server/solr-webapp/webapp}
2022-11-01 19:04:51.151 INFO  (main) [   ] o.e.j.s.AbstractConnector Started ServerConnector@cd1d761{HTTP/1.1, (http/1.1, h2c)}{0.0.0.0:8983}
2022-11-01 19:04:51.151 INFO  (main) [   ] o.e.j.s.Server Started @3596ms
2022-11-01 19:04:51.411 INFO  (coreLoadExecutor-13-thread-1) [   x:04_KNOW_HOW_A] o.a.s.c.SolrConfig Using Lucene MatchVersion: 8.3.0
2022-11-01 19:04:51.412 INFO  (coreLoadExecutor-13-thread-2) [   x:01_MANDATS_VAL_A] o.a.s.c.SolrConfig Using Lucene MatchVersion: 8.3.0
2022-11-01 19:04:51.573 INFO  (coreLoadExecutor-13-thread-2) [   x:01_MANDATS_VAL_A] o.a.s.s.IndexSchema Schema name=default-config
2022-11-01 19:04:51.574 INFO  (coreLoadExecutor-13-thread-1) [   x:04_KNOW_HOW_A] o.a.s.s.IndexSchema Schema name=default-config
2022-11-01 19:04:51.654 WARN  (coreLoadExecutor-13-thread-1) [   x:04_KNOW_HOW_A] o.a.s.c.SolrResourceLoader Solr loaded a deprecated plugin/analysis class [solr.WordDelimiterFilterFactory]. Please consult documentation how to replace it accordingly.
2022-11-01 19:04:51.654 WARN  (coreLoadExecutor-13-thread-2) [   x:01_MANDATS_VAL_A] o.a.s.c.SolrResourceLoader Solr loaded a deprecated plugin/analysis class [solr.WordDelimiterFilterFactory]. Please consult documentation how to replace it accordingly.
2022-11-01 19:04:51.778 INFO  (coreLoadExecutor-13-thread-2) [   x:01_MANDATS_VAL_A] o.a.s.s.IndexSchema Loaded schema default-config/1.6 with uniqueid field id
2022-11-01 19:04:51.778 INFO  (coreLoadExecutor-13-thread-1) [   x:04_KNOW_HOW_A] o.a.s.s.IndexSchema Loaded schema default-config/1.6 with uniqueid field id
2022-11-01 19:04:51.838 INFO  (coreLoadExecutor-13-thread-2) [   x:01_MANDATS_VAL_A] o.a.s.c.CoreContainer Creating SolrCore '01_MANDATS_VAL_A' using configuration from instancedir /home/sunny/Documents/CCHE/CCHSEARCH_DEV/CCHSearch/backend/solr-8.6.2/server/solr/01_MANDATS_VAL_A, trusted=true
2022-11-01 19:04:51.840 INFO  (coreLoadExecutor-13-thread-1) [   x:04_KNOW_HOW_A] o.a.s.c.CoreContainer Creating SolrCore '04_KNOW_HOW_A' using configuration from instancedir /home/sunny/Documents/CCHE/CCHSEARCH_DEV/CCHSearch/backend/solr-8.6.2/server/solr/04_KNOW_HOW_A, trusted=true
2022-11-01 19:04:51.862 INFO  (coreLoadExecutor-13-thread-2) [   x:01_MANDATS_VAL_A] o.a.s.m.r.SolrJmxReporter JMX monitoring for 'solr.core.01_MANDATS_VAL_A' (registry 'solr.core.01_MANDATS_VAL_A') enabled at server: com.sun.jmx.mbeanserver.JmxMBeanServer@7ef82753
2022-11-01 19:04:51.862 INFO  (coreLoadExecutor-13-thread-1) [   x:04_KNOW_HOW_A] o.a.s.m.r.SolrJmxReporter JMX monitoring for 'solr.core.04_KNOW_HOW_A' (registry 'solr.core.04_KNOW_HOW_A') enabled at server: com.sun.jmx.mbeanserver.JmxMBeanServer@7ef82753
2022-11-01 19:04:51.875 INFO  (coreLoadExecutor-13-thread-1) [   x:04_KNOW_HOW_A] o.a.s.c.SolrCore [[04_KNOW_HOW_A] ] Opening new SolrCore at [/home/sunny/Documents/CCHE/CCHSEARCH_DEV/CCHSearch/backend/solr-8.6.2/server/solr/04_KNOW_HOW_A], dataDir=[/home/sunny/Documents/CCHE/CCHSEARCH_DEV/CCHSearch/backend/solr-8.6.2/server/solr/04_KNOW_HOW_A/data/]
2022-11-01 19:04:51.875 INFO  (coreLoadExecutor-13-thread-2) [   x:01_MANDATS_VAL_A] o.a.s.c.SolrCore [[01_MANDATS_VAL_A] ] Opening new SolrCore at [/home/sunny/Documents/CCHE/CCHSEARCH_DEV/CCHSearch/backend/solr-8.6.2/server/solr/01_MANDATS_VAL_A], dataDir=[/home/sunny/Documents/CCHE/CCHSEARCH_DEV/CCHSearch/backend/solr-8.6.2/server/solr/01_MANDATS_VAL_A/data/]
2022-11-01 19:04:51.907 INFO  (coreLoadExecutor-13-thread-2) [   x:01_MANDATS_VAL_A] o.a.s.r.XSLTResponseWriter xsltCacheLifetimeSeconds=5
2022-11-01 19:04:51.907 INFO  (coreLoadExecutor-13-thread-1) [   x:04_KNOW_HOW_A] o.a.s.r.XSLTResponseWriter xsltCacheLifetimeSeconds=5
2022-11-01 19:04:52.490 INFO  (coreLoadExecutor-13-thread-1) [   x:04_KNOW_HOW_A] o.a.s.u.UpdateHandler Using UpdateLog implementation: org.apache.solr.update.UpdateLog
2022-11-01 19:04:52.490 INFO  (coreLoadExecutor-13-thread-2) [   x:01_MANDATS_VAL_A] o.a.s.u.UpdateHandler Using UpdateLog implementation: org.apache.solr.update.UpdateLog
2022-11-01 19:04:52.490 INFO  (coreLoadExecutor-13-thread-1) [   x:04_KNOW_HOW_A] o.a.s.u.UpdateLog Initializing UpdateLog: dataDir= defaultSyncLevel=FLUSH numRecordsToKeep=100 maxNumLogsToKeep=10 numVersionBuckets=65536
2022-11-01 19:04:52.490 INFO  (coreLoadExecutor-13-thread-2) [   x:01_MANDATS_VAL_A] o.a.s.u.UpdateLog Initializing UpdateLog: dataDir= defaultSyncLevel=FLUSH numRecordsToKeep=100 maxNumLogsToKeep=10 numVersionBuckets=65536
2022-11-01 19:04:52.502 INFO  (coreLoadExecutor-13-thread-1) [   x:04_KNOW_HOW_A] o.a.s.u.CommitTracker Hard AutoCommit: if uncommitted for 15000ms; 
2022-11-01 19:04:52.502 INFO  (coreLoadExecutor-13-thread-1) [   x:04_KNOW_HOW_A] o.a.s.u.CommitTracker Soft AutoCommit: disabled
2022-11-01 19:04:52.508 INFO  (coreLoadExecutor-13-thread-2) [   x:01_MANDATS_VAL_A] o.a.s.u.CommitTracker Hard AutoCommit: if uncommitted for 15000ms; 
2022-11-01 19:04:52.508 INFO  (coreLoadExecutor-13-thread-2) [   x:01_MANDATS_VAL_A] o.a.s.u.CommitTracker Soft AutoCommit: disabled
2022-11-01 19:04:52.612 INFO  (coreLoadExecutor-13-thread-1) [   x:04_KNOW_HOW_A] o.a.s.r.ManagedResourceStorage File-based storage initialized to use dir: /home/sunny/Documents/CCHE/CCHSEARCH_DEV/CCHSearch/backend/solr-8.6.2/server/solr/04_KNOW_HOW_A/conf
2022-11-01 19:04:52.637 INFO  (coreLoadExecutor-13-thread-1) [   x:04_KNOW_HOW_A] o.a.s.h.c.SpellCheckComponent Initializing spell checkers
2022-11-01 19:04:52.643 INFO  (coreLoadExecutor-13-thread-1) [   x:04_KNOW_HOW_A] o.a.s.s.DirectSolrSpellChecker init: {name=default,field=_text_,classname=solr.DirectSolrSpellChecker,distanceMeasure=internal,accuracy=0.5,maxEdits=2,minPrefix=1,maxInspections=5,minQueryLength=4,maxQueryFrequency=0.01}
2022-11-01 19:04:52.656 INFO  (coreLoadExecutor-13-thread-1) [   x:04_KNOW_HOW_A] o.a.s.h.ReplicationHandler Commits will be reserved for 10000 ms
2022-11-01 19:04:52.658 INFO  (coreLoadExecutor-13-thread-1) [   x:04_KNOW_HOW_A] o.a.s.u.UpdateLog Could not find max version in index or recent updates, using new clock 1748321690093355008
2022-11-01 19:04:52.664 INFO  (searcherExecutor-16-thread-1-processing-x:04_KNOW_HOW_A) [   x:04_KNOW_HOW_A] o.a.s.c.QuerySenderListener QuerySenderListener done.
2022-11-01 19:04:52.664 INFO  (searcherExecutor-16-thread-1-processing-x:04_KNOW_HOW_A) [   x:04_KNOW_HOW_A] o.a.s.h.c.SpellCheckComponent Loading spell index for spellchecker: default
2022-11-01 19:04:52.678 INFO  (searcherExecutor-16-thread-1-processing-x:04_KNOW_HOW_A) [   x:04_KNOW_HOW_A] o.a.s.c.SolrCore [04_KNOW_HOW_A]  Registered new searcher autowarm time: 0 ms
2022-11-01 19:04:52.699 INFO  (coreLoadExecutor-13-thread-2) [   x:01_MANDATS_VAL_A] o.a.s.r.ManagedResourceStorage File-based storage initialized to use dir: /home/sunny/Documents/CCHE/CCHSEARCH_DEV/CCHSearch/backend/solr-8.6.2/server/solr/01_MANDATS_VAL_A/conf
2022-11-01 19:04:52.699 INFO  (coreLoadExecutor-13-thread-2) [   x:01_MANDATS_VAL_A] o.a.s.h.c.SpellCheckComponent Initializing spell checkers
2022-11-01 19:04:52.700 INFO  (coreLoadExecutor-13-thread-2) [   x:01_MANDATS_VAL_A] o.a.s.s.DirectSolrSpellChecker init: {name=default,field=_text_,classname=solr.DirectSolrSpellChecker,distanceMeasure=internal,accuracy=0.5,maxEdits=2,minPrefix=1,maxInspections=5,minQueryLength=4,maxQueryFrequency=0.01}
2022-11-01 19:04:52.701 INFO  (coreLoadExecutor-13-thread-2) [   x:01_MANDATS_VAL_A] o.a.s.h.ReplicationHandler Commits will be reserved for 10000 ms
2022-11-01 19:04:52.709 INFO  (searcherExecutor-17-thread-1-processing-x:01_MANDATS_VAL_A) [   x:01_MANDATS_VAL_A] o.a.s.c.QuerySenderListener QuerySenderListener done.
2022-11-01 19:04:52.709 INFO  (searcherExecutor-17-thread-1-processing-x:01_MANDATS_VAL_A) [   x:01_MANDATS_VAL_A] o.a.s.h.c.SpellCheckComponent Loading spell index for spellchecker: default
2022-11-01 19:04:52.713 INFO  (searcherExecutor-17-thread-1-processing-x:01_MANDATS_VAL_A) [   x:01_MANDATS_VAL_A] o.a.s.c.SolrCore [01_MANDATS_VAL_A]  Registered new searcher autowarm time: 0 ms
2022-11-01 19:05:33.729 ERROR (qtp1168924571-27) [   x:01_MANDATS_VAL_A] o.a.s.h.RequestHandlerBase org.apache.solr.common.SolrException: Bad contentType for search handler :null request={q=*:*&wt=csv}
	at org.apache.solr.request.json.RequestUtil.processParams(RequestUtil.java:73)
	at org.apache.solr.util.SolrPluginUtils.setDefaults(SolrPluginUtils.java:165)
	at org.apache.solr.handler.RequestHandlerBase.handleRequest(RequestHandlerBase.java:211)
	at org.apache.solr.core.SolrCore.execute(SolrCore.java:2606)
	at org.apache.solr.servlet.HttpSolrCall.execute(HttpSolrCall.java:812)
	at org.apache.solr.servlet.HttpSolrCall.call(HttpSolrCall.java:588)
	at org.apache.solr.servlet.SolrDispatchFilter.doFilter(SolrDispatchFilter.java:415)
	at org.apache.solr.servlet.SolrDispatchFilter.doFilter(SolrDispatchFilter.java:345)
	at org.eclipse.jetty.servlet.ServletHandler$CachedChain.doFilter(ServletHandler.java:1596)
	at org.eclipse.jetty.servlet.ServletHandler.doHandle(ServletHandler.java:545)
	at org.eclipse.jetty.server.handler.ScopedHandler.handle(ScopedHandler.java:143)
	at org.eclipse.jetty.security.SecurityHandler.handle(SecurityHandler.java:590)
	at org.eclipse.jetty.server.handler.HandlerWrapper.handle(HandlerWrapper.java:127)
	at org.eclipse.jetty.server.handler.ScopedHandler.nextHandle(ScopedHandler.java:235)
	at org.eclipse.jetty.server.session.SessionHandler.doHandle(SessionHandler.java:1610)
	at org.eclipse.jetty.server.handler.ScopedHandler.nextHandle(ScopedHandler.java:233)
	at org.eclipse.jetty.server.handler.ContextHandler.doHandle(ContextHandler.java:1300)
	at org.eclipse.jetty.server.handler.ScopedHandler.nextScope(ScopedHandler.java:188)
	at org.eclipse.jetty.servlet.ServletHandler.doScope(ServletHandler.java:485)
	at org.eclipse.jetty.server.session.SessionHandler.doScope(SessionHandler.java:1580)
	at org.eclipse.jetty.server.handler.ScopedHandler.nextScope(ScopedHandler.java:186)
	at org.eclipse.jetty.server.handler.ContextHandler.doScope(ContextHandler.java:1215)
	at org.eclipse.jetty.server.handler.ScopedHandler.handle(ScopedHandler.java:141)
	at org.eclipse.jetty.server.handler.ContextHandlerCollection.handle(ContextHandlerCollection.java:221)
	at org.eclipse.jetty.server.handler.InetAccessHandler.handle(InetAccessHandler.java:177)
	at org.eclipse.jetty.server.handler.HandlerCollection.handle(HandlerCollection.java:146)
	at org.eclipse.jetty.server.handler.HandlerWrapper.handle(HandlerWrapper.java:127)
	at org.eclipse.jetty.rewrite.handler.RewriteHandler.handle(RewriteHandler.java:322)
	at org.eclipse.jetty.server.handler.HandlerWrapper.handle(HandlerWrapper.java:127)
	at org.eclipse.jetty.server.Server.handle(Server.java:500)
	at org.eclipse.jetty.server.HttpChannel.lambda$handle$1(HttpChannel.java:383)
	at org.eclipse.jetty.server.HttpChannel.dispatch(HttpChannel.java:547)
	at org.eclipse.jetty.server.HttpChannel.handle(HttpChannel.java:375)
	at org.eclipse.jetty.server.HttpConnection.onFillable(HttpConnection.java:273)
	at org.eclipse.jetty.io.AbstractConnection$ReadCallback.succeeded(AbstractConnection.java:311)
	at org.eclipse.jetty.io.FillInterest.fillable(FillInterest.java:103)
	at org.eclipse.jetty.io.ChannelEndPoint$2.run(ChannelEndPoint.java:117)
	at org.eclipse.jetty.util.thread.QueuedThreadPool.runJob(QueuedThreadPool.java:806)
	at org.eclipse.jetty.util.thread.QueuedThreadPool$Runner.run(QueuedThreadPool.java:938)
	at java.base/java.lang.Thread.run(Thread.java:833)

2022-11-01 19:05:33.729 INFO  (qtp1168924571-27) [   x:01_MANDATS_VAL_A] o.a.s.c.S.Request [01_MANDATS_VAL_A]  webapp=/solr path=/select params={q=*:*&wt=csv} status=400 QTime=27
2022-11-01 19:30:05.957 ERROR (qtp1168924571-27) [   x:01_MANDATS_VAL_A] o.a.s.h.RequestHandlerBase org.apache.solr.common.SolrException: Bad contentType for search handler :null request={format=cche_document}
	at org.apache.solr.request.json.RequestUtil.processParams(RequestUtil.java:73)
	at org.apache.solr.util.SolrPluginUtils.setDefaults(SolrPluginUtils.java:165)
	at org.apache.solr.handler.RequestHandlerBase.handleRequest(RequestHandlerBase.java:211)
	at org.apache.solr.core.SolrCore.execute(SolrCore.java:2606)
	at org.apache.solr.servlet.HttpSolrCall.execute(HttpSolrCall.java:812)
	at org.apache.solr.servlet.HttpSolrCall.call(HttpSolrCall.java:588)
	at org.apache.solr.servlet.SolrDispatchFilter.doFilter(SolrDispatchFilter.java:415)
	at org.apache.solr.servlet.SolrDispatchFilter.doFilter(SolrDispatchFilter.java:345)
	at org.eclipse.jetty.servlet.ServletHandler$CachedChain.doFilter(ServletHandler.java:1596)
	at org.eclipse.jetty.servlet.ServletHandler.doHandle(ServletHandler.java:545)
	at org.eclipse.jetty.server.handler.ScopedHandler.handle(ScopedHandler.java:143)
	at org.eclipse.jetty.security.SecurityHandler.handle(SecurityHandler.java:590)
	at org.eclipse.jetty.server.handler.HandlerWrapper.handle(HandlerWrapper.java:127)
	at org.eclipse.jetty.server.handler.ScopedHandler.nextHandle(ScopedHandler.java:235)
	at org.eclipse.jetty.server.session.SessionHandler.doHandle(SessionHandler.java:1610)
	at org.eclipse.jetty.server.handler.ScopedHandler.nextHandle(ScopedHandler.java:233)
	at org.eclipse.jetty.server.handler.ContextHandler.doHandle(ContextHandler.java:1300)
	at org.eclipse.jetty.server.handler.ScopedHandler.nextScope(ScopedHandler.java:188)
	at org.eclipse.jetty.servlet.ServletHandler.doScope(ServletHandler.java:485)
	at org.eclipse.jetty.server.session.SessionHandler.doScope(SessionHandler.java:1580)
	at org.eclipse.jetty.server.handler.ScopedHandler.nextScope(ScopedHandler.java:186)
	at org.eclipse.jetty.server.handler.ContextHandler.doScope(ContextHandler.java:1215)
	at org.eclipse.jetty.server.handler.ScopedHandler.handle(ScopedHandler.java:141)
	at org.eclipse.jetty.server.handler.ContextHandlerCollection.handle(ContextHandlerCollection.java:221)
	at org.eclipse.jetty.server.handler.InetAccessHandler.handle(InetAccessHandler.java:177)
	at org.eclipse.jetty.server.handler.HandlerCollection.handle(HandlerCollection.java:146)
	at org.eclipse.jetty.server.handler.HandlerWrapper.handle(HandlerWrapper.java:127)
	at org.eclipse.jetty.rewrite.handler.RewriteHandler.handle(RewriteHandler.java:322)
	at org.eclipse.jetty.server.handler.HandlerWrapper.handle(HandlerWrapper.java:127)
	at org.eclipse.jetty.server.Server.handle(Server.java:500)
	at org.eclipse.jetty.server.HttpChannel.lambda$handle$1(HttpChannel.java:383)
	at org.eclipse.jetty.server.HttpChannel.dispatch(HttpChannel.java:547)
	at org.eclipse.jetty.server.HttpChannel.handle(HttpChannel.java:375)
	at org.eclipse.jetty.server.HttpConnection.onFillable(HttpConnection.java:273)
	at org.eclipse.jetty.io.AbstractConnection$ReadCallback.succeeded(AbstractConnection.java:311)
	at org.eclipse.jetty.io.FillInterest.fillable(FillInterest.java:103)
	at org.eclipse.jetty.io.ChannelEndPoint$2.run(ChannelEndPoint.java:117)
	at org.eclipse.jetty.util.thread.strategy.EatWhatYouKill.runTask(EatWhatYouKill.java:336)
	at org.eclipse.jetty.util.thread.strategy.EatWhatYouKill.doProduce(EatWhatYouKill.java:313)
	at org.eclipse.jetty.util.thread.strategy.EatWhatYouKill.tryProduce(EatWhatYouKill.java:171)
	at org.eclipse.jetty.util.thread.strategy.EatWhatYouKill.run(EatWhatYouKill.java:129)
	at org.eclipse.jetty.util.thread.ReservedThreadExecutor$ReservedThread.run(ReservedThreadExecutor.java:375)
	at org.eclipse.jetty.util.thread.QueuedThreadPool.runJob(QueuedThreadPool.java:806)
	at org.eclipse.jetty.util.thread.QueuedThreadPool$Runner.run(QueuedThreadPool.java:938)
	at java.base/java.lang.Thread.run(Thread.java:833)

2022-11-01 19:30:05.958 INFO  (qtp1168924571-27) [   x:01_MANDATS_VAL_A] o.a.s.c.S.Request [01_MANDATS_VAL_A]  webapp=/solr path=/select params={format=cche_document} status=400 QTime=1
2022-11-01 19:30:38.576 ERROR (qtp1168924571-25) [   x:01_MANDATS_VAL_A] o.a.s.h.RequestHandlerBase org.apache.solr.common.SolrException: Bad contentType for search handler :null request={format=cche_document}
	at org.apache.solr.request.json.RequestUtil.processParams(RequestUtil.java:73)
	at org.apache.solr.util.SolrPluginUtils.setDefaults(SolrPluginUtils.java:165)
	at org.apache.solr.handler.RequestHandlerBase.handleRequest(RequestHandlerBase.java:211)
	at org.apache.solr.core.SolrCore.execute(SolrCore.java:2606)
	at org.apache.solr.servlet.HttpSolrCall.execute(HttpSolrCall.java:812)
	at org.apache.solr.servlet.HttpSolrCall.call(HttpSolrCall.java:588)
	at org.apache.solr.servlet.SolrDispatchFilter.doFilter(SolrDispatchFilter.java:415)
	at org.apache.solr.servlet.SolrDispatchFilter.doFilter(SolrDispatchFilter.java:345)
	at org.eclipse.jetty.servlet.ServletHandler$CachedChain.doFilter(ServletHandler.java:1596)
	at org.eclipse.jetty.servlet.ServletHandler.doHandle(ServletHandler.java:545)
	at org.eclipse.jetty.server.handler.ScopedHandler.handle(ScopedHandler.java:143)
	at org.eclipse.jetty.security.SecurityHandler.handle(SecurityHandler.java:590)
	at org.eclipse.jetty.server.handler.HandlerWrapper.handle(HandlerWrapper.java:127)
	at org.eclipse.jetty.server.handler.ScopedHandler.nextHandle(ScopedHandler.java:235)
	at org.eclipse.jetty.server.session.SessionHandler.doHandle(SessionHandler.java:1610)
	at org.eclipse.jetty.server.handler.ScopedHandler.nextHandle(ScopedHandler.java:233)
	at org.eclipse.jetty.server.handler.ContextHandler.doHandle(ContextHandler.java:1300)
	at org.eclipse.jetty.server.handler.ScopedHandler.nextScope(ScopedHandler.java:188)
	at org.eclipse.jetty.servlet.ServletHandler.doScope(ServletHandler.java:485)
	at org.eclipse.jetty.server.session.SessionHandler.doScope(SessionHandler.java:1580)
	at org.eclipse.jetty.server.handler.ScopedHandler.nextScope(ScopedHandler.java:186)
	at org.eclipse.jetty.server.handler.ContextHandler.doScope(ContextHandler.java:1215)
	at org.eclipse.jetty.server.handler.ScopedHandler.handle(ScopedHandler.java:141)
	at org.eclipse.jetty.server.handler.ContextHandlerCollection.handle(ContextHandlerCollection.java:221)
	at org.eclipse.jetty.server.handler.InetAccessHandler.handle(InetAccessHandler.java:177)
	at org.eclipse.jetty.server.handler.HandlerCollection.handle(HandlerCollection.java:146)
	at org.eclipse.jetty.server.handler.HandlerWrapper.handle(HandlerWrapper.java:127)
	at org.eclipse.jetty.rewrite.handler.RewriteHandler.handle(RewriteHandler.java:322)
	at org.eclipse.jetty.server.handler.HandlerWrapper.handle(HandlerWrapper.java:127)
	at org.eclipse.jetty.server.Server.handle(Server.java:500)
	at org.eclipse.jetty.server.HttpChannel.lambda$handle$1(HttpChannel.java:383)
	at org.eclipse.jetty.server.HttpChannel.dispatch(HttpChannel.java:547)
	at org.eclipse.jetty.server.HttpChannel.handle(HttpChannel.java:375)
	at org.eclipse.jetty.server.HttpConnection.onFillable(HttpConnection.java:273)
	at org.eclipse.jetty.io.AbstractConnection$ReadCallback.succeeded(AbstractConnection.java:311)
	at org.eclipse.jetty.io.FillInterest.fillable(FillInterest.java:103)
	at org.eclipse.jetty.io.ChannelEndPoint$2.run(ChannelEndPoint.java:117)
	at org.eclipse.jetty.util.thread.strategy.EatWhatYouKill.runTask(EatWhatYouKill.java:336)
	at org.eclipse.jetty.util.thread.strategy.EatWhatYouKill.doProduce(EatWhatYouKill.java:313)
	at org.eclipse.jetty.util.thread.strategy.EatWhatYouKill.tryProduce(EatWhatYouKill.java:171)
	at org.eclipse.jetty.util.thread.strategy.EatWhatYouKill.run(EatWhatYouKill.java:129)
	at org.eclipse.jetty.util.thread.ReservedThreadExecutor$ReservedThread.run(ReservedThreadExecutor.java:375)
	at org.eclipse.jetty.util.thread.QueuedThreadPool.runJob(QueuedThreadPool.java:806)
	at org.eclipse.jetty.util.thread.QueuedThreadPool$Runner.run(QueuedThreadPool.java:938)
	at java.base/java.lang.Thread.run(Thread.java:833)

2022-11-01 19:30:38.576 INFO  (qtp1168924571-25) [   x:01_MANDATS_VAL_A] o.a.s.c.S.Request [01_MANDATS_VAL_A]  webapp=/solr path=/select params={format=cche_document} status=400 QTime=1
2022-11-01 19:31:41.499 INFO  (qtp1168924571-24) [   ] o.a.s.s.HttpSolrCall [admin] webapp=null path=/admin/cores params={indexInfo=false&wt=json&_=1667331073051} status=0 QTime=3
2022-11-01 19:31:41.512 INFO  (qtp1168924571-23) [   ] o.a.s.s.HttpSolrCall [admin] webapp=null path=/admin/info/system params={wt=json&_=1667331073052} status=0 QTime=16
2022-11-01 19:31:41.521 INFO  (qtp1168924571-18) [   ] o.a.s.s.HttpSolrCall [admin] webapp=null path=/admin/info/system params={wt=json&_=1667331073052} status=0 QTime=25
2022-11-01 19:31:43.996 INFO  (qtp1168924571-19) [   ] o.a.s.s.HttpSolrCall [admin] webapp=null path=/admin/cores params={indexInfo=false&wt=json&_=1667331073051} status=0 QTime=0
2022-11-01 19:31:44.011 INFO  (qtp1168924571-24) [   x:01_MANDATS_VAL_A] o.a.s.c.S.Request [01_MANDATS_VAL_A]  webapp=/solr path=/admin/ping params={action=status&wt=json&_=1667331073052&ts=1667331073052} status=503 QTime=2
2022-11-01 19:31:44.011 INFO  (qtp1168924571-19) [   x:01_MANDATS_VAL_A] o.a.s.c.S.Request [01_MANDATS_VAL_A]  webapp=/solr path=/replication params={wt=json&command=details&_=1667331103978} status=0 QTime=9
2022-11-01 19:31:44.015 INFO  (qtp1168924571-18) [   x:01_MANDATS_VAL_A] o.a.s.c.S.Request [01_MANDATS_VAL_A]  webapp=/solr path=/admin/luke params={numTerms=0&show=index&wt=json&_=1667331103977} status=0 QTime=14
2022-11-01 19:31:44.020 INFO  (qtp1168924571-46) [   x:01_MANDATS_VAL_A] o.a.s.c.S.Request [01_MANDATS_VAL_A]  webapp=/solr path=/admin/system params={wt=json&_=1667331103978} status=0 QTime=15
2022-11-01 19:31:44.023 INFO  (qtp1168924571-26) [   ] o.a.s.s.HttpSolrCall [admin] webapp=null path=/admin/info/system params={wt=json&_=1667331073052} status=0 QTime=23
2022-11-01 19:31:45.741 INFO  (qtp1168924571-25) [   ] o.a.s.s.HttpSolrCall [admin] webapp=null path=/admin/cores params={indexInfo=false&wt=json&_=1667331073051} status=0 QTime=0
2022-11-01 19:31:45.749 INFO  (qtp1168924571-48) [   ] o.a.s.s.HttpSolrCall [admin] webapp=null path=/admin/info/system params={wt=json&_=1667331073052} status=0 QTime=9
2022-11-02 08:37:13.481 INFO  (qtp1168924571-27) [   x:01_MANDATS_VAL_A] o.a.s.c.S.Request [01_MANDATS_VAL_A]  webapp=/solr path=/select params={q=porte&start=0&rows=10&wt=javabin&version=2} hits=26 status=0 QTime=151
2022-11-02 08:40:04.484 INFO  (qtp1168924571-20) [   x:01_MANDATS_VAL_A] o.a.s.c.S.Request [01_MANDATS_VAL_A]  webapp=/solr path=/select params={q=fenetre&start=0&rows=10&wt=javabin&version=2} hits=17 status=0 QTime=4
2022-11-02 08:41:39.128 INFO  (qtp1168924571-46) [   x:01_MANDATS_VAL_A] o.a.s.c.S.Request [01_MANDATS_VAL_A]  webapp=/solr path=/select params={q=&start=0&rows=10&wt=javabin&version=2} hits=0 status=0 QTime=2
2022-11-02 08:41:48.166 INFO  (qtp1168924571-48) [   x:01_MANDATS_VAL_A] o.a.s.c.S.Request [01_MANDATS_VAL_A]  webapp=/solr path=/select params={q=porte&start=0&rows=10&wt=javabin&version=2} hits=26 status=0 QTime=1
2022-11-02 08:41:52.996 INFO  (qtp1168924571-46) [   x:01_MANDATS_VAL_A] o.a.s.c.S.Request [01_MANDATS_VAL_A]  webapp=/solr path=/select params={q=facture&start=0&rows=10&wt=javabin&version=2} hits=298 status=0 QTime=9
2022-11-02 08:43:45.881 INFO  (qtp1168924571-25) [   x:01_MANDATS_VAL_A] o.a.s.c.S.Request [01_MANDATS_VAL_A]  webapp=/solr path=/select params={q=porte&start=0&rows=10&wt=javabin&version=2} hits=26 status=0 QTime=1
2022-11-02 08:43:54.502 INFO  (qtp1168924571-48) [   x:01_MANDATS_VAL_A] o.a.s.c.S.Request [01_MANDATS_VAL_A]  webapp=/solr path=/select params={q=&start=0&rows=10&wt=javabin&version=2} hits=0 status=0 QTime=0
2022-11-02 08:43:58.630 INFO  (qtp1168924571-25) [   x:01_MANDATS_VAL_A] o.a.s.c.S.Request [01_MANDATS_VAL_A]  webapp=/solr path=/select params={q=porte&start=0&rows=10&wt=javabin&version=2} hits=26 status=0 QTime=1
2022-11-02 10:39:44.573 INFO  (qtp1168924571-26) [   x:01_MANDATS_VAL_A] o.a.s.c.S.Request [01_MANDATS_VAL_A]  webapp=/solr path=/select params={q=porte&start=0&rows=10&wt=javabin&version=2} hits=26 status=0 QTime=0
2022-11-02 10:40:24.476 INFO  (qtp1168924571-18) [   x:01_MANDATS_VAL_A] o.a.s.c.S.Request [01_MANDATS_VAL_A]  webapp=/solr path=/select params={q=porte&start=0&rows=10&wt=javabin&version=2} hits=26 status=0 QTime=1
2022-11-02 10:40:41.181 INFO  (qtp1168924571-25) [   x:01_MANDATS_VAL_A] o.a.s.c.S.Request [01_MANDATS_VAL_A]  webapp=/solr path=/select params={q=porte&start=0&rows=10&wt=javabin&version=2} hits=26 status=0 QTime=1
2022-11-02 11:21:44.000 INFO  (qtp1168924571-24) [   x:01_MANDATS_VAL_A] o.a.s.c.S.Request [01_MANDATS_VAL_A]  webapp=/solr path=/select params={q=porte&start=0&rows=10&wt=javabin&version=2} hits=26 status=0 QTime=1
2022-11-02 13:58:21.315 INFO  (Thread-0) [   ] o.e.j.s.AbstractConnector Stopped ServerConnector@cd1d761{HTTP/1.1, (http/1.1, h2c)}{0.0.0.0:8983}
2022-11-02 13:58:21.316 INFO  (Thread-0) [   ] o.e.j.s.session node0 Stopped scavenging
2022-11-02 13:58:21.348 INFO  (Thread-0) [   ] o.a.s.c.CoreContainer Shutting down CoreContainer instance=2041263297
2022-11-02 13:58:21.360 INFO  (coreCloseExecutor-27-thread-2) [   ] o.a.s.c.SolrCore [01_MANDATS_VAL_A]  CLOSING SolrCore org.apache.solr.core.SolrCore@4d2c183e
2022-11-02 13:58:21.360 INFO  (coreCloseExecutor-27-thread-1) [   ] o.a.s.c.SolrCore [04_KNOW_HOW_A]  CLOSING SolrCore org.apache.solr.core.SolrCore@6be2591d
2022-11-02 13:58:21.360 INFO  (coreCloseExecutor-27-thread-2) [   ] o.a.s.m.SolrMetricManager Closing metric reporters for registry=solr.core.01_MANDATS_VAL_A tag=SolrCore@4d2c183e
2022-11-02 13:58:21.364 INFO  (coreCloseExecutor-27-thread-2) [   ] o.a.s.m.r.SolrJmxReporter Closing reporter [org.apache.solr.metrics.reporters.SolrJmxReporter@309884df: rootName = null, domain = solr.core.01_MANDATS_VAL_A, service url = null, agent id = null] for registry solr.core.01_MANDATS_VAL_A/com.codahale.metrics.MetricRegistry@38f38c06
2022-11-02 13:58:21.406 INFO  (coreCloseExecutor-27-thread-1) [   ] o.a.s.m.SolrMetricManager Closing metric reporters for registry=solr.core.04_KNOW_HOW_A tag=SolrCore@6be2591d
2022-11-02 13:58:21.406 INFO  (coreCloseExecutor-27-thread-1) [   ] o.a.s.m.r.SolrJmxReporter Closing reporter [org.apache.solr.metrics.reporters.SolrJmxReporter@45d2076b: rootName = null, domain = solr.core.04_KNOW_HOW_A, service url = null, agent id = null] for registry solr.core.04_KNOW_HOW_A/com.codahale.metrics.MetricRegistry@1c9d3a3c
2022-11-02 13:58:21.441 INFO  (coreCloseExecutor-27-thread-2) [   ] o.a.s.u.DirectUpdateHandler2 Committing on IndexWriter.close()  ... SKIPPED (unnecessary).
2022-11-02 13:58:21.444 INFO  (coreCloseExecutor-27-thread-1) [   ] o.a.s.u.DirectUpdateHandler2 Committing on IndexWriter.close()  ... SKIPPED (unnecessary).
2022-11-02 13:58:21.477 INFO  (Thread-0) [   ] o.a.s.m.SolrMetricManager Closing metric reporters for registry=solr.node tag=null
2022-11-02 13:58:21.478 INFO  (Thread-0) [   ] o.a.s.m.r.SolrJmxReporter Closing reporter [org.apache.solr.metrics.reporters.SolrJmxReporter@57cb70be: rootName = null, domain = solr.node, service url = null, agent id = null] for registry solr.node/com.codahale.metrics.MetricRegistry@60e5661c
2022-11-02 13:58:21.485 INFO  (Thread-0) [   ] o.a.s.m.SolrMetricManager Closing metric reporters for registry=solr.jvm tag=null
2022-11-02 13:58:21.486 INFO  (Thread-0) [   ] o.a.s.m.r.SolrJmxReporter Closing reporter [org.apache.solr.metrics.reporters.SolrJmxReporter@201c3cda: rootName = null, domain = solr.jvm, service url = null, agent id = null] for registry solr.jvm/com.codahale.metrics.MetricRegistry@41f19903
2022-11-02 13:58:21.489 INFO  (Thread-0) [   ] o.a.s.m.SolrMetricManager Closing metric reporters for registry=solr.jetty tag=null
2022-11-02 13:58:21.489 INFO  (Thread-0) [   ] o.a.s.m.r.SolrJmxReporter Closing reporter [org.apache.solr.metrics.reporters.SolrJmxReporter@4c86da0c: rootName = null, domain = solr.jetty, service url = null, agent id = null] for registry solr.jetty/com.codahale.metrics.MetricRegistry@2bf62d6
2022-11-02 13:58:21.511 INFO  (Thread-0) [   ] o.e.j.s.h.ContextHandler Stopped o.e.j.w.WebAppContext@47605f2f{/solr,null,UNAVAILABLE}{/home/sunny/Documents/CCHE/CCHSEARCH_DEV/CCHSearch/backend/solr-8.6.2/server/solr-webapp/webapp}
