[2022-10-27T10:07:58.340+0200][0.014s] CardTable entry size: 512
[2022-10-27T10:07:58.340+0200][0.015s] Using G1
[2022-10-27T10:07:58.410+0200][0.085s] Version: 18+36-2087 (release)
[2022-10-27T10:07:58.410+0200][0.085s] CPUs: 8 total, 8 available
[2022-10-27T10:07:58.411+0200][0.085s] Memory: 13915M
[2022-10-27T10:07:58.411+0200][0.085s] Large Page Support: Disabled
[2022-10-27T10:07:58.411+0200][0.085s] NUMA Support: Disabled
[2022-10-27T10:07:58.411+0200][0.085s] Compressed Oops: Enabled (32-bit)
[2022-10-27T10:07:58.411+0200][0.085s] Heap Region Size: 1M
[2022-10-27T10:07:58.411+0200][0.085s] Heap Min Capacity: 512M
[2022-10-27T10:07:58.411+0200][0.085s] Heap Initial Capacity: 512M
[2022-10-27T10:07:58.411+0200][0.085s] Heap Max Capacity: 512M
[2022-10-27T10:07:58.411+0200][0.085s] Pre-touch: Enabled
[2022-10-27T10:07:58.411+0200][0.085s] Parallel Workers: 8
[2022-10-27T10:07:58.411+0200][0.085s] Concurrent Workers: 2
[2022-10-27T10:07:58.411+0200][0.085s] Concurrent Refinement Workers: 8
[2022-10-27T10:07:58.411+0200][0.085s] Periodic GC: Disabled
[2022-10-27T10:07:58.411+0200][0.085s] CDS archive(s) mapped at: [0x0000000800000000-0x0000000800bae000-0x0000000800bae000), size 12247040, SharedBaseAddress: 0x0000000800000000, ArchiveRelocationMode: 0.
[2022-10-27T10:07:58.411+0200][0.085s] Compressed class space mapped at: 0x0000000800c00000-0x0000000840c00000, reserved size: 1073741824
[2022-10-27T10:07:58.411+0200][0.085s] Narrow klass base: 0x0000000800000000, Narrow klass shift: 0, Narrow klass range: 0x100000000
[2022-10-27T10:07:59.366+0200][1,040s] GC(0) Pause Young (Normal) (G1 Evacuation Pause)
[2022-10-27T10:07:59.366+0200][1,040s] GC(0) Using 8 workers of 8 for evacuation
[2022-10-27T10:07:59.370+0200][1,044s] GC(0)   Pre Evacuate Collection Set: 0,1ms
[2022-10-27T10:07:59.370+0200][1,044s] GC(0)   Merge Heap Roots: 0,1ms
[2022-10-27T10:07:59.370+0200][1,044s] GC(0)   Evacuate Collection Set: 3,4ms
[2022-10-27T10:07:59.370+0200][1,044s] GC(0)   Post Evacuate Collection Set: 0,4ms
[2022-10-27T10:07:59.370+0200][1,044s] GC(0)   Other: 0,1ms
[2022-10-27T10:07:59.370+0200][1,044s] GC(0) Eden regions: 29->0(67)
[2022-10-27T10:07:59.370+0200][1,044s] GC(0) Survivor regions: 0->4(4)
[2022-10-27T10:07:59.370+0200][1,044s] GC(0) Old regions: 0->2
[2022-10-27T10:07:59.370+0200][1,044s] GC(0) Archive regions: 2->2
[2022-10-27T10:07:59.370+0200][1,044s] GC(0) Humongous regions: 4->4
[2022-10-27T10:07:59.370+0200][1,044s] GC(0) Metaspace: 9738K(10048K)->9738K(10048K) NonClass: 8618K(8768K)->8618K(8768K) Class: 1119K(1280K)->1119K(1280K)
[2022-10-27T10:07:59.370+0200][1,044s] GC(0) Pause Young (Normal) (G1 Evacuation Pause) 33M->10M(512M) 4,428ms
[2022-10-27T10:07:59.370+0200][1,044s] GC(0) User=0,02s Sys=0,01s Real=0,00s
[2022-10-27T10:08:00.311+0200][1,985s] GC(1) Pause Young (Normal) (G1 Evacuation Pause)
[2022-10-27T10:08:00.311+0200][1,985s] GC(1) Using 8 workers of 8 for evacuation
[2022-10-27T10:08:00.321+0200][1,995s] GC(1)   Pre Evacuate Collection Set: 0,1ms
[2022-10-27T10:08:00.321+0200][1,995s] GC(1)   Merge Heap Roots: 0,1ms
[2022-10-27T10:08:00.321+0200][1,995s] GC(1)   Evacuate Collection Set: 8,4ms
[2022-10-27T10:08:00.321+0200][1,995s] GC(1)   Post Evacuate Collection Set: 1,0ms
[2022-10-27T10:08:00.321+0200][1,995s] GC(1)   Other: 0,2ms
[2022-10-27T10:08:00.321+0200][1,995s] GC(1) Eden regions: 59->0(67)
[2022-10-27T10:08:00.321+0200][1,995s] GC(1) Survivor regions: 4->8(8)
[2022-10-27T10:08:00.321+0200][1,995s] GC(1) Old regions: 2->11
[2022-10-27T10:08:00.321+0200][1,995s] GC(1) Archive regions: 2->2
[2022-10-27T10:08:00.321+0200][1,995s] GC(1) Humongous regions: 4->4
[2022-10-27T10:08:00.321+0200][1,995s] GC(1) Metaspace: 18610K(19008K)->18610K(19008K) NonClass: 16485K(16704K)->16485K(16704K) Class: 2125K(2304K)->2125K(2304K)
[2022-10-27T10:08:00.321+0200][1,995s] GC(1) Pause Young (Normal) (G1 Evacuation Pause) 69M->23M(512M) 10,237ms
[2022-10-27T10:08:00.321+0200][1,995s] GC(1) User=0,05s Sys=0,00s Real=0,01s
[2022-10-27T10:08:00.483+0200][2,158s] GC(2) Pause Young (Concurrent Start) (Metadata GC Threshold)
[2022-10-27T10:08:00.484+0200][2,158s] GC(2) Using 8 workers of 8 for evacuation
[2022-10-27T10:08:00.489+0200][2,163s] GC(2)   Pre Evacuate Collection Set: 0,2ms
[2022-10-27T10:08:00.489+0200][2,163s] GC(2)   Merge Heap Roots: 0,1ms
[2022-10-27T10:08:00.489+0200][2,163s] GC(2)   Evacuate Collection Set: 4,5ms
[2022-10-27T10:08:00.489+0200][2,163s] GC(2)   Post Evacuate Collection Set: 0,4ms
[2022-10-27T10:08:00.489+0200][2,163s] GC(2)   Other: 0,1ms
[2022-10-27T10:08:00.489+0200][2,163s] GC(2) Eden regions: 13->0(80)
[2022-10-27T10:08:00.489+0200][2,163s] GC(2) Survivor regions: 8->1(10)
[2022-10-27T10:08:00.489+0200][2,163s] GC(2) Old regions: 11->20
[2022-10-27T10:08:00.489+0200][2,163s] GC(2) Archive regions: 2->2
[2022-10-27T10:08:00.489+0200][2,163s] GC(2) Humongous regions: 4->4
[2022-10-27T10:08:00.489+0200][2,163s] GC(2) Metaspace: 21134K(21504K)->21134K(21504K) NonClass: 18793K(19008K)->18793K(19008K) Class: 2341K(2496K)->2341K(2496K)
[2022-10-27T10:08:00.489+0200][2,163s] GC(2) Pause Young (Concurrent Start) (Metadata GC Threshold) 35M->24M(512M) 5,644ms
[2022-10-27T10:08:00.489+0200][2,163s] GC(3) Concurrent Mark Cycle
[2022-10-27T10:08:00.489+0200][2,163s] GC(3) Concurrent Clear Claimed Marks
[2022-10-27T10:08:00.489+0200][2,163s] GC(2) User=0,03s Sys=0,01s Real=0,01s
[2022-10-27T10:08:00.489+0200][2,163s] GC(3) Concurrent Clear Claimed Marks 0,035ms
[2022-10-27T10:08:00.489+0200][2,163s] GC(3) Concurrent Scan Root Regions
[2022-10-27T10:08:00.492+0200][2,166s] GC(3) Concurrent Scan Root Regions 2,424ms
[2022-10-27T10:08:00.492+0200][2,166s] GC(3) Concurrent Mark
[2022-10-27T10:08:00.492+0200][2,166s] GC(3) Concurrent Mark From Roots
[2022-10-27T10:08:00.492+0200][2,166s] GC(3) Using 2 workers of 2 for marking
[2022-10-27T10:08:00.502+0200][2,176s] GC(3) Concurrent Mark From Roots 10,070ms
[2022-10-27T10:08:00.502+0200][2,176s] GC(3) Concurrent Preclean
[2022-10-27T10:08:00.502+0200][2,176s] GC(3) Concurrent Preclean 0,027ms
[2022-10-27T10:08:00.502+0200][2,176s] GC(3) Pause Remark
[2022-10-27T10:08:00.504+0200][2,178s] GC(3) Pause Remark 25M->25M(512M) 1,422ms
[2022-10-27T10:08:00.504+0200][2,178s] GC(3) User=0,01s Sys=0,00s Real=0,00s
[2022-10-27T10:08:00.504+0200][2,178s] GC(3) Concurrent Mark 11,919ms
[2022-10-27T10:08:00.504+0200][2,178s] GC(3) Concurrent Rebuild Remembered Sets
[2022-10-27T10:08:00.511+0200][2,185s] GC(3) Concurrent Rebuild Remembered Sets 6,841ms
[2022-10-27T10:08:00.511+0200][2,185s] GC(3) Pause Cleanup
[2022-10-27T10:08:00.511+0200][2,185s] GC(3) Pause Cleanup 26M->26M(512M) 0,110ms
[2022-10-27T10:08:00.511+0200][2,185s] GC(3) User=0,00s Sys=0,00s Real=0,00s
[2022-10-27T10:08:00.511+0200][2,185s] GC(3) Concurrent Cleanup for Next Mark
[2022-10-27T10:08:00.512+0200][2,186s] GC(3) Concurrent Cleanup for Next Mark 0,800ms
[2022-10-27T10:08:00.512+0200][2,186s] GC(3) Concurrent Mark Cycle 22,669ms
[2022-10-27T10:08:01.904+0200][3,578s] GC(4) Pause Young (Normal) (G1 Evacuation Pause)
[2022-10-27T10:08:01.904+0200][3,578s] GC(4) Using 8 workers of 8 for evacuation
[2022-10-27T10:08:01.909+0200][3,583s] GC(4)   Pre Evacuate Collection Set: 0,1ms
[2022-10-27T10:08:01.909+0200][3,583s] GC(4)   Merge Heap Roots: 0,0ms
[2022-10-27T10:08:01.909+0200][3,583s] GC(4)   Evacuate Collection Set: 3,7ms
[2022-10-27T10:08:01.909+0200][3,583s] GC(4)   Post Evacuate Collection Set: 0,6ms
[2022-10-27T10:08:01.909+0200][3,583s] GC(4)   Other: 0,1ms
[2022-10-27T10:08:01.909+0200][3,583s] GC(4) Eden regions: 80->0(296)
[2022-10-27T10:08:01.909+0200][3,583s] GC(4) Survivor regions: 1->11(11)
[2022-10-27T10:08:01.909+0200][3,583s] GC(4) Old regions: 20->20
[2022-10-27T10:08:01.909+0200][3,583s] GC(4) Archive regions: 2->2
[2022-10-27T10:08:01.909+0200][3,583s] GC(4) Humongous regions: 7->5
[2022-10-27T10:08:01.909+0200][3,583s] GC(4) Metaspace: 33682K(34112K)->33682K(34112K) NonClass: 29852K(30080K)->29852K(30080K) Class: 3830K(4032K)->3830K(4032K)
[2022-10-27T10:08:01.909+0200][3,583s] GC(4) Pause Young (Normal) (G1 Evacuation Pause) 107M->35M(512M) 4,737ms
[2022-10-27T10:08:01.909+0200][3,583s] GC(4) User=0,03s Sys=0,00s Real=0,00s
[2022-10-27T10:08:02.225+0200][3,899s] GC(5) Pause Young (Concurrent Start) (Metadata GC Threshold)
[2022-10-27T10:08:02.225+0200][3,899s] GC(5) Using 8 workers of 8 for evacuation
[2022-10-27T10:08:02.232+0200][3,906s] GC(5)   Pre Evacuate Collection Set: 0,2ms
[2022-10-27T10:08:02.232+0200][3,906s] GC(5)   Merge Heap Roots: 0,1ms
[2022-10-27T10:08:02.232+0200][3,906s] GC(5)   Evacuate Collection Set: 4,5ms
[2022-10-27T10:08:02.232+0200][3,906s] GC(5)   Post Evacuate Collection Set: 1,6ms
[2022-10-27T10:08:02.232+0200][3,906s] GC(5)   Other: 0,1ms
[2022-10-27T10:08:02.232+0200][3,906s] GC(5) Eden regions: 120->0(295)
[2022-10-27T10:08:02.232+0200][3,906s] GC(5) Survivor regions: 11->12(39)
[2022-10-27T10:08:02.232+0200][3,906s] GC(5) Old regions: 20->20
[2022-10-27T10:08:02.232+0200][3,906s] GC(5) Archive regions: 2->2
[2022-10-27T10:08:02.232+0200][3,906s] GC(5) Humongous regions: 5->5
[2022-10-27T10:08:02.232+0200][3,906s] GC(5) Metaspace: 35771K(36160K)->35771K(36160K) NonClass: 31706K(31872K)->31706K(31872K) Class: 4064K(4288K)->4064K(4288K)
[2022-10-27T10:08:02.232+0200][3,906s] GC(5) Pause Young (Concurrent Start) (Metadata GC Threshold) 154M->36M(512M) 6,676ms
[2022-10-27T10:08:02.232+0200][3,906s] GC(6) Concurrent Mark Cycle
[2022-10-27T10:08:02.232+0200][3,906s] GC(5) User=0,03s Sys=0,01s Real=0,00s
[2022-10-27T10:08:02.232+0200][3,906s] GC(6) Concurrent Clear Claimed Marks
[2022-10-27T10:08:02.232+0200][3,906s] GC(6) Concurrent Clear Claimed Marks 0,054ms
[2022-10-27T10:08:02.232+0200][3,906s] GC(6) Concurrent Scan Root Regions
[2022-10-27T10:08:02.235+0200][3,909s] GC(6) Concurrent Scan Root Regions 3,039ms
[2022-10-27T10:08:02.235+0200][3,909s] GC(6) Concurrent Mark
[2022-10-27T10:08:02.235+0200][3,909s] GC(6) Concurrent Mark From Roots
[2022-10-27T10:08:02.235+0200][3,909s] GC(6) Using 2 workers of 2 for marking
[2022-10-27T10:08:02.249+0200][3,923s] GC(6) Concurrent Mark From Roots 14,154ms
[2022-10-27T10:08:02.249+0200][3,923s] GC(6) Concurrent Preclean
[2022-10-27T10:08:02.249+0200][3,924s] GC(6) Concurrent Preclean 0,085ms
[2022-10-27T10:08:02.249+0200][3,924s] GC(6) Pause Remark
[2022-10-27T10:08:02.252+0200][3,926s] GC(6) Pause Remark 38M->38M(512M) 2,305ms
[2022-10-27T10:08:02.252+0200][3,926s] GC(6) User=0,01s Sys=0,00s Real=0,00s
[2022-10-27T10:08:02.252+0200][3,926s] GC(6) Concurrent Mark 16,812ms
[2022-10-27T10:08:02.252+0200][3,926s] GC(6) Concurrent Rebuild Remembered Sets
[2022-10-27T10:08:02.258+0200][3,932s] GC(6) Concurrent Rebuild Remembered Sets 5,971ms
[2022-10-27T10:08:02.258+0200][3,932s] GC(6) Pause Cleanup
[2022-10-27T10:08:02.258+0200][3,932s] GC(6) Pause Cleanup 38M->38M(512M) 0,092ms
[2022-10-27T10:08:02.258+0200][3,932s] GC(6) User=0,00s Sys=0,00s Real=0,00s
[2022-10-27T10:08:02.258+0200][3,932s] GC(6) Concurrent Cleanup for Next Mark
[2022-10-27T10:08:02.259+0200][3,933s] GC(6) Concurrent Cleanup for Next Mark 0,680ms
[2022-10-27T10:08:02.259+0200][3,933s] GC(6) Concurrent Mark Cycle 27,085ms
[2022-10-27T13:12:36.869+0200][9431,766s] Heap
[2022-10-27T13:12:36.870+0200][9431,766s]  garbage-first heap   total 524288K, used 292277K [0x00000000e0000000, 0x0000000100000000)
[2022-10-27T13:12:36.870+0200][9431,766s]   region size 1024K, 258 young (264192K), 12 survivors (12288K)
[2022-10-27T13:12:36.870+0200][9431,766s]  Metaspace       used 48106K, committed 48576K, reserved 1114112K
[2022-10-27T13:12:36.870+0200][9431,766s]   class space    used 5598K, committed 5824K, reserved 1048576K
